# JRE version: OpenJDK Runtime Environment Temurin-21.0.12.1+1 (21.0.12.1+1) (build 21.0.12.1+1-LTS)
# Java VM: OpenJDK 64-Bit Server VM Temurin-21.0.12.1+1 (21.0.12.1+1-LTS, mixed mode, sharing, tiered, compressed oops, compressed class ptrs, g1 gc, windows-amd64)
GC Precious Log:
 CardTable entry size: 512
 Card Set container configuration: InlinePtr #cards 5 size 8 Array Of Cards #cards 12 size 40 Howl #buckets 4 coarsen threshold 1843 Howl Bitmap #cards 512 size 80 coarsen threshold 460 Card regions per heap region 1 cards per card region 2048
 CPUs: 8 total, 8 available
 Memory: 16108M
 Large Page Support: Disabled
 NUMA Support: Disabled
 Compressed Oops: Enabled (32-bit)
 Heap Region Size: 1M
 Heap Min Capacity: 256M
 Heap Initial Capacity: 256M
 Heap Max Capacity: 512M
 Pre-touch: Disabled
 Parallel Workers: 8
 Concurrent Workers: 2
 Concurrent Refinement Workers: 8
 Periodic GC: Disabled
Heap:
 garbage-first heap   total 262144K, used 80242K [0x00000000e0000000, 0x0000000100000000)
  region size 1024K, 51 young (52224K), 19 survivors (19456K)
 Metaspace       used 59197K, committed 61440K, reserved 393216K
  class space    used 8865K, committed 9984K, reserved 327680K
GC Heap History (14 events):
Event: 16.553 GC heap before
{Heap before GC invocations=0 (full 0):
 garbage-first heap   total 262144K, used 26624K [0x00000000e0000000, 0x0000000100000000)
  region size 1024K, 23 young (23552K), 0 survivors (0K)
 Metaspace       used 1673K, committed 1856K, reserved 393216K
  class space    used 152K, committed 256K, reserved 327680K
}
Event: 17.099 GC heap after
{Heap after GC invocations=1 (full 0):
 garbage-first heap   total 262144K, used 11007K [0x00000000e0000000, 0x0000000100000000)
  region size 1024K, 3 young (3072K), 3 survivors (3072K)
 Metaspace       used 1673K, committed 1856K, reserved 393216K
  class space    used 152K, committed 256K, reserved 327680K
}
Event: 44.322 GC heap before
{Heap before GC invocations=1 (full 0):
 garbage-first heap   total 262144K, used 39679K [0x00000000e0000000, 0x0000000100000000)
  region size 1024K, 31 young (31744K), 3 survivors (3072K)
 Metaspace       used 4820K, committed 5056K, reserved 393216K
  class space    used 621K, committed 704K, reserved 327680K
}
Event: 44.328 GC heap after
{Heap after GC invocations=2 (full 0):
 garbage-first heap   total 262144K, used 13054K [0x00000000e0000000, 0x0000000100000000)
  region size 1024K, 2 young (2048K), 2 survivors (2048K)
 Metaspace       used 4820K, committed 5056K, reserved 393216K
  class space    used 621K, committed 704K, reserved 327680K
}
Event: 93.635 GC heap before
{Heap before GC invocations=2 (full 0):
 garbage-first heap   total 262144K, used 104190K [0x00000000e0000000, 0x0000000100000000)
  region size 1024K, 89 young (91136K), 2 survivors (2048K)
 Metaspace       used 13600K, committed 14016K, reserved 393216K
  class space    used 1814K, committed 2048K, reserved 327680K
}
Event: 93.668 GC heap after
{Heap after GC invocations=3 (full 0):
 garbage-first heap   total 262144K, used 22300K [0x00000000e0000000, 0x0000000100000000)
  region size 1024K, 10 young (10240K), 10 survivors (10240K)
 Metaspace       used 13600K, committed 14016K, reserved 393216K
  class space    used 1814K, committed 2048K, reserved 327680K
}
Event: 109.083 GC heap before
{Heap before GC invocations=3 (full 0):
 garbage-first heap   total 262144K, used 69404K [0x00000000e0000000, 0x0000000100000000)
  region size 1024K, 58 young (59392K), 10 survivors (10240K)
 Metaspace       used 20820K, committed 21504K, reserved 393216K
  class space    used 2948K, committed 3264K, reserved 327680K
}
Event: 109.094 GC heap after
{Heap after GC invocations=4 (full 0):
 garbage-first heap   total 262144K, used 25407K [0x00000000e0000000, 0x0000000100000000)
  region size 1024K, 13 young (13312K), 13 survivors (13312K)
 Metaspace       used 20820K, committed 21504K, reserved 393216K
  class space    used 2948K, committed 3264K, reserved 327680K
}
Event: 148.355 GC heap before
{Heap before GC invocations=5 (full 0):
 garbage-first heap   total 262144K, used 134975K [0x00000000e0000000, 0x0000000100000000)
  region size 1024K, 120 young (122880K), 13 survivors (13312K)
 Metaspace       used 34612K, committed 35968K, reserved 393216K
  class space    used 5025K, committed 5696K, reserved 327680K
}
Event: 148.380 GC heap after
{Heap after GC invocations=6 (full 0):
 garbage-first heap   total 262144K, used 31465K [0x00000000e0000000, 0x0000000100000000)
  region size 1024K, 9 young (9216K), 9 survivors (9216K)
 Metaspace       used 34612K, committed 35968K, reserved 393216K
  class space    used 5025K, committed 5696K, reserved 327680K
}
Event: 207.392 GC heap before
{Heap before GC invocations=7 (full 0):
 garbage-first heap   total 262144K, used 178921K [0x00000000e0000000, 0x0000000100000000)
  region size 1024K, 153 young (156672K), 9 survivors (9216K)
 Metaspace       used 49829K, committed 51776K, reserved 393216K
  class space    used 7348K, committed 8320K, reserved 327680K
}
Event: 207.439 GC heap after
{Heap after GC invocations=8 (full 0):
 garbage-first heap   total 262144K, used 40301K [0x00000000e0000000, 0x0000000100000000)
  region size 1024K, 18 young (18432K), 18 survivors (18432K)
 Metaspace       used 49829K, committed 51776K, reserved 393216K
  class space    used 7348K, committed 8320K, reserved 327680K
}
Event: 251.173 GC heap before
{Heap before GC invocations=8 (full 0):
 garbage-first heap   total 262144K, used 152941K [0x00000000e0000000, 0x0000000100000000)
  region size 1024K, 129 young (132096K), 18 survivors (18432K)
 Metaspace       used 58093K, committed 60288K, reserved 393216K
  class space    used 8710K, committed 9792K, reserved 327680K
}
Event: 251.207 GC heap after
{Heap after GC invocations=9 (full 0):
 garbage-first heap   total 262144K, used 49522K [0x00000000e0000000, 0x0000000100000000)
  region size 1024K, 19 young (19456K), 19 survivors (19456K)
 Metaspace       used 58093K, committed 60288K, reserved 393216K
  class space    used 8710K, committed 9792K, reserved 327680K
}

