# JRE version: OpenJDK Runtime Environment Temurin-21.0.12.1+1 (21.0.12.1+1) (build 21.0.12.1+1-LTS)
# Java VM: OpenJDK 64-Bit Server VM Temurin-21.0.12.1+1 (21.0.12.1+1-LTS, mixed mode, sharing, tiered, compressed oops, compressed class ptrs, g1 gc, windows-amd64)
GC Precious Log:
 CardTable entry size: 512
 Card Set container configuration: InlinePtr #cards 5 size 8 Array Of Cards #cards 12 size 40 Howl #buckets 4 coarsen threshold 1843 Howl Bitmap #cards 512 size 80 coarsen threshold 460 Card regions per heap region 1 cards per card region 2048
 CPUs: 8 total, 8 available
 Memory: 16108M
 Large Page Support: Disabled
 NUMA Support: Disabled
 Compressed Oops: Enabled (32-bit)
 Heap Region Size: 1M
 Heap Min Capacity: 256M
 Heap Initial Capacity: 256M
 Heap Max Capacity: 512M
 Pre-touch: Disabled
 Parallel Workers: 8
 Concurrent Workers: 2
 Concurrent Refinement Workers: 8
 Periodic GC: Disabled
Heap:
 garbage-first heap   total 262144K, used 169258K [0x00000000e0000000, 0x0000000100000000)
  region size 1024K, 129 young (132096K), 13 survivors (13312K)
 Metaspace       used 59741K, committed 62016K, reserved 393216K
  class space    used 8775K, committed 9920K, reserved 327680K
GC Heap History (18 events):
Event: 71.543 GC heap before
{Heap before GC invocations=0 (full 0):
 garbage-first heap   total 262144K, used 26624K [0x00000000e0000000, 0x0000000100000000)
  region size 1024K, 23 young (23552K), 0 survivors (0K)
 Metaspace       used 1697K, committed 1920K, reserved 393216K
  class space    used 153K, committed 256K, reserved 327680K
}
Event: 71.573 GC heap after
{Heap after GC invocations=1 (full 0):
 garbage-first heap   total 262144K, used 11018K [0x00000000e0000000, 0x0000000100000000)
  region size 1024K, 3 young (3072K), 3 survivors (3072K)
 Metaspace       used 1697K, committed 1920K, reserved 393216K
  class space    used 153K, committed 256K, reserved 327680K
}
Event: 122.024 GC heap before
{Heap before GC invocations=1 (full 0):
 garbage-first heap   total 262144K, used 39690K [0x00000000e0000000, 0x0000000100000000)
  region size 1024K, 31 young (31744K), 3 survivors (3072K)
 Metaspace       used 4850K, committed 5056K, reserved 393216K
  class space    used 620K, committed 704K, reserved 327680K
}
Event: 122.032 GC heap after
{Heap after GC invocations=2 (full 0):
 garbage-first heap   total 262144K, used 12926K [0x00000000e0000000, 0x0000000100000000)
  region size 1024K, 2 young (2048K), 2 survivors (2048K)
 Metaspace       used 4850K, committed 5056K, reserved 393216K
  class space    used 620K, committed 704K, reserved 327680K
}
Event: 197.236 GC heap before
{Heap before GC invocations=2 (full 0):
 garbage-first heap   total 262144K, used 152190K [0x00000000e0000000, 0x0000000100000000)
  region size 1024K, 138 young (141312K), 2 survivors (2048K)
 Metaspace       used 20848K, committed 21504K, reserved 393216K
  class space    used 2956K, committed 3264K, reserved 327680K
}
Event: 197.267 GC heap after
{Heap after GC invocations=3 (full 0):
 garbage-first heap   total 262144K, used 25053K [0x00000000e0000000, 0x0000000100000000)
  region size 1024K, 13 young (13312K), 13 survivors (13312K)
 Metaspace       used 20848K, committed 21504K, reserved 393216K
  class space    used 2956K, committed 3264K, reserved 327680K
}
Event: 210.064 GC heap before
{Heap before GC invocations=4 (full 0):
 garbage-first heap   total 262144K, used 132573K [0x00000000e0000000, 0x0000000100000000)
  region size 1024K, 118 young (120832K), 13 survivors (13312K)
 Metaspace       used 34675K, committed 36096K, reserved 393216K
  class space    used 5035K, committed 5760K, reserved 327680K
}
Event: 210.086 GC heap after
{Heap after GC invocations=5 (full 0):
 garbage-first heap   total 262144K, used 31592K [0x00000000e0000000, 0x0000000100000000)
  region size 1024K, 7 young (7168K), 7 survivors (7168K)
 Metaspace       used 34675K, committed 36096K, reserved 393216K
  class space    used 5035K, committed 5760K, reserved 327680K
}
Event: 210.252 GC heap before
{Heap before GC invocations=5 (full 0):
 garbage-first heap   total 262144K, used 32616K [0x00000000e0000000, 0x0000000100000000)
  region size 1024K, 9 young (9216K), 7 survivors (7168K)
 Metaspace       used 35022K, committed 36416K, reserved 393216K
  class space    used 5061K, committed 5760K, reserved 327680K
}
Event: 210.260 GC heap after
{Heap after GC invocations=6 (full 0):
 garbage-first heap   total 262144K, used 31442K [0x00000000e0000000, 0x0000000100000000)
  region size 1024K, 7 young (7168K), 7 survivors (7168K)
 Metaspace       used 35022K, committed 36416K, reserved 393216K
  class space    used 5061K, committed 5760K, reserved 327680K
}
Event: 210.336 GC heap before
{Heap before GC invocations=6 (full 0):
 garbage-first heap   total 262144K, used 32466K [0x00000000e0000000, 0x0000000100000000)
  region size 1024K, 9 young (9216K), 7 survivors (7168K)
 Metaspace       used 35307K, committed 36736K, reserved 393216K
  class space    used 5084K, committed 5760K, reserved 327680K
}
Event: 210.344 GC heap after
{Heap after GC invocations=7 (full 0):
 garbage-first heap   total 262144K, used 31290K [0x00000000e0000000, 0x0000000100000000)
  region size 1024K, 6 young (6144K), 6 survivors (6144K)
 Metaspace       used 35307K, committed 36736K, reserved 393216K
  class space    used 5084K, committed 5760K, reserved 327680K
}
Event: 233.109 GC heap before
{Heap before GC invocations=8 (full 0):
 garbage-first heap   total 262144K, used 181818K [0x00000000e0000000, 0x0000000100000000)
  region size 1024K, 153 young (156672K), 6 survivors (6144K)
 Metaspace       used 50897K, committed 52928K, reserved 393216K
  class space    used 7555K, committed 8576K, reserved 327680K
}
Event: 233.130 GC heap after
{Heap after GC invocations=9 (full 0):
 garbage-first heap   total 262144K, used 40506K [0x00000000e0000000, 0x0000000100000000)
  region size 1024K, 15 young (15360K), 15 survivors (15360K)
 Metaspace       used 50897K, committed 52928K, reserved 393216K
  class space    used 7555K, committed 8576K, reserved 327680K
}
Event: 262.260 GC heap before
{Heap before GC invocations=9 (full 0):
 garbage-first heap   total 262144K, used 181818K [0x00000000e0000000, 0x0000000100000000)
  region size 1024K, 153 young (156672K), 15 survivors (15360K)
 Metaspace       used 58454K, committed 60736K, reserved 393216K
  class space    used 8745K, committed 9856K, reserved 327680K
}
Event: 262.290 GC heap after
{Heap after GC invocations=10 (full 0):
 garbage-first heap   total 262144K, used 50811K [0x00000000e0000000, 0x0000000100000000)
  region size 1024K, 20 young (20480K), 20 survivors (20480K)
 Metaspace       used 58454K, committed 60736K, reserved 393216K
  class space    used 8745K, committed 9856K, reserved 327680K
}
Event: 288.879 GC heap before
{Heap before GC invocations=10 (full 0):
 garbage-first heap   total 262144K, used 102011K [0x00000000e0000000, 0x0000000100000000)
  region size 1024K, 71 young (72704K), 20 survivors (20480K)
 Metaspace       used 59192K, committed 61376K, reserved 393216K
  class space    used 8768K, committed 9856K, reserved 327680K
}
Event: 288.906 GC heap after
{Heap after GC invocations=11 (full 0):
 garbage-first heap   total 262144K, used 52522K [0x00000000e0000000, 0x0000000100000000)
  region size 1024K, 13 young (13312K), 13 survivors (13312K)
 Metaspace       used 59192K, committed 61376K, reserved 393216K
  class space    used 8768K, committed 9856K, reserved 327680K
}

